Arguments: 
  /home/wolffgang/.nvm/versions/node/v9.8.0/bin/node /home/wolffgang/.nvm/versions/node/v9.8.0/bin/yarn add --dev cssnano pastcss-cli

PATH: 
  /home/wolffgang/.platformio/penv/bin:/home/wolffgang/.platformio/penv:/home/wolffgang/.nvm/versions/node/v9.8.0/bin:/usr/local/sbin:/usr/local/bin:/usr/sbin:/usr/bin:/sbin:/bin:/usr/games:/usr/local/games:/snap/bin:/home/wolffgang/.yarn/bin:/home/wolffgang/.local/bin:/home/wolffgang/.yarn/bin:/home/wolffgang/.local/bin:/home/wolffgang/.yarn/bin:/home/wolffgang/.local/bin

Yarn version: 
  1.5.1

Node version: 
  9.8.0

Platform: 
  linux x64

npm manifest: 
  {
    "name": "lopy_node",
    "version": "0.1.0",
    "description": "Code for the lopy to send per Sensor Data per Lora and Wlan.",
    "main": "mc_code/boot.py",
    "repository": "git@gitlab.hrz.tu-chemnitz.de:TUD-IEEH-GEWV/onewire_node.git",
    "author": "Karl Wolffgang <karl_eugen.wolffgang@tu-dresden.de>",
    "license": "MIT",
    "scripts": {
      "minifyHtml": "node_modules/.bin/html-minifier --input-dir www_unpacked --output-dir mc_code/www --file-ext html -c html_minify.json",
      "minifyCSS": ""
    },
    "devDependencies": {
      "html-minifier": "^3.5.19"
    }
  }

yarn manifest: 
  No manifest

Lockfile: 
  # THIS IS AN AUTOGENERATED FILE. DO NOT EDIT THIS FILE DIRECTLY.
  # yarn lockfile v1
  
  
  camel-case@3.0.x:
    version "3.0.0"
    resolved "https://registry.yarnpkg.com/camel-case/-/camel-case-3.0.0.tgz#ca3c3688a4e9cf3a4cda777dc4dcbc713249cf73"
    dependencies:
      no-case "^2.2.0"
      upper-case "^1.1.1"
  
  clean-css@4.1.x:
    version "4.1.11"
    resolved "https://registry.yarnpkg.com/clean-css/-/clean-css-4.1.11.tgz#2ecdf145aba38f54740f26cefd0ff3e03e125d6a"
    dependencies:
      source-map "0.5.x"
  
  commander@2.16.x, commander@~2.16.0:
    version "2.16.0"
    resolved "https://registry.yarnpkg.com/commander/-/commander-2.16.0.tgz#f16390593996ceb4f3eeb020b31d78528f7f8a50"
  
  he@1.1.x:
    version "1.1.1"
    resolved "https://registry.yarnpkg.com/he/-/he-1.1.1.tgz#93410fd21b009735151f8868c2f271f3427e23fd"
  
  html-minifier@^3.5.19:
    version "3.5.19"
    resolved "https://registry.yarnpkg.com/html-minifier/-/html-minifier-3.5.19.tgz#ed53c4b7326fe507bc3a1adbcc3bbb56660a2ebd"
    dependencies:
      camel-case "3.0.x"
      clean-css "4.1.x"
      commander "2.16.x"
      he "1.1.x"
      param-case "2.1.x"
      relateurl "0.2.x"
      uglify-js "3.4.x"
  
  lower-case@^1.1.1:
    version "1.1.4"
    resolved "https://registry.yarnpkg.com/lower-case/-/lower-case-1.1.4.tgz#9a2cabd1b9e8e0ae993a4bf7d5875c39c42e8eac"
  
  no-case@^2.2.0:
    version "2.3.2"
    resolved "https://registry.yarnpkg.com/no-case/-/no-case-2.3.2.tgz#60b813396be39b3f1288a4c1ed5d1e7d28b464ac"
    dependencies:
      lower-case "^1.1.1"
  
  param-case@2.1.x:
    version "2.1.1"
    resolved "https://registry.yarnpkg.com/param-case/-/param-case-2.1.1.tgz#df94fd8cf6531ecf75e6bef9a0858fbc72be2247"
    dependencies:
      no-case "^2.2.0"
  
  relateurl@0.2.x:
    version "0.2.7"
    resolved "https://registry.yarnpkg.com/relateurl/-/relateurl-0.2.7.tgz#54dbf377e51440aca90a4cd274600d3ff2d888a9"
  
  source-map@0.5.x:
    version "0.5.7"
    resolved "https://registry.yarnpkg.com/source-map/-/source-map-0.5.7.tgz#8a039d2d1021d22d1ea14c80d8ea468ba2ef3fcc"
  
  source-map@~0.6.1:
    version "0.6.1"
    resolved "https://registry.yarnpkg.com/source-map/-/source-map-0.6.1.tgz#74722af32e9614e9c287a8d0bbde48b5e2f1a263"
  
  uglify-js@3.4.x:
    version "3.4.7"
    resolved "https://registry.yarnpkg.com/uglify-js/-/uglify-js-3.4.7.tgz#4df6b92e54789aa921a254cb1e33704d6ec12b89"
    dependencies:
      commander "~2.16.0"
      source-map "~0.6.1"
  
  upper-case@^1.1.1:
    version "1.1.3"
    resolved "https://registry.yarnpkg.com/upper-case/-/upper-case-1.1.3.tgz#f6b4501c2ec4cdd26ba78be7222961de77621598"

Trace: 
  Error: https://registry.yarnpkg.com/pastcss-cli: Not found
      at Request.params.callback [as _callback] (/home/wolffgang/.nvm/versions/node/v9.8.0/lib/node_modules/yarn/lib/cli.js:65019:18)
      at Request.self.callback (/home/wolffgang/.nvm/versions/node/v9.8.0/lib/node_modules/yarn/lib/cli.js:132430:22)
      at Request.emit (events.js:180:13)
      at Request.<anonymous> (/home/wolffgang/.nvm/versions/node/v9.8.0/lib/node_modules/yarn/lib/cli.js:133413:10)
      at Request.emit (events.js:180:13)
      at IncomingMessage.<anonymous> (/home/wolffgang/.nvm/versions/node/v9.8.0/lib/node_modules/yarn/lib/cli.js:133333:12)
      at Object.onceWrapper (events.js:272:13)
      at IncomingMessage.emit (events.js:185:15)
      at endReadableNT (_stream_readable.js:1101:12)
      at process._tickCallback (internal/process/next_tick.js:114:19)
